Fri Mar 14 18:22:30 2025: High PM10 Levels: 63.11 µg/m³!
Fri Mar 14 18:22:30 2025: High CO Levels: 947.95 µg/m³!
Fri Mar 14 18:25:59 2025: High PM10 Levels: 63.11 µg/m³!
Fri Mar 14 18:25:59 2025: High CO Levels: 947.95 µg/m³!
Fri Mar 14 18:26:09 2025: High PM10 Levels: 63.11 µg/m³!
Fri Mar 14 18:26:09 2025: High CO Levels: 947.95 µg/m³!
Fri Mar 14 18:26:12 2025: High CO Levels: 290.39 µg/m³!
Fri Mar 14 18:26:21 2025: High PM10 Levels: 63.11 µg/m³!
Fri Mar 14 18:26:21 2025: High CO Levels: 947.95 µg/m³!
Fri Mar 14 18:26:24 2025: High CO Levels: 283.72 µg/m³!
Fri Mar 14 18:26:40 2025: High PM10 Levels: 63.11 µg/m³!
Fri Mar 14 18:26:40 2025: High CO Levels: 947.95 µg/m³!
Fri Mar 14 18:26:44 2025: High PM10 Levels: 63.11 µg/m³!
Fri Mar 14 18:26:44 2025: High CO Levels: 947.95 µg/m³!
Fri Mar 14 18:26:48 2025: High CO Levels: 307.08 µg/m³!
Fri Mar 14 18:27:06 2025: High PM10 Levels: 63.11 µg/m³!
Fri Mar 14 18:27:06 2025: High CO Levels: 947.95 µg/m³!
Fri Mar 14 18:27:23 2025: High PM10 Levels: 63.11 µg/m³!
Fri Mar 14 18:27:23 2025: High CO Levels: 947.95 µg/m³!
Fri Mar 14 18:27:27 2025: High CO Levels: 307.08 µg/m³!
Fri Mar 14 18:33:35 2025: High PM10 Levels: 64.93 µg/m³!
Fri Mar 14 18:33:35 2025: High CO Levels: 974.66 µg/m³!
Fri Mar 14 18:34:15 2025: High PM10 Levels: 64.93 µg/m³!
Fri Mar 14 18:34:15 2025: High CO Levels: 974.66 µg/m³!
Fri Mar 14 18:34:39 2025: High PM10 Levels: 64.93 µg/m³!
Fri Mar 14 18:34:39 2025: High CO Levels: 974.66 µg/m³!
Fri Mar 14 18:38:33 2025: High PM10 Levels: 64.93 µg/m³!
Fri Mar 14 18:38:33 2025: High CO Levels: 974.66 µg/m³!
Fri Mar 14 18:39:28 2025: High PM10 Levels: 64.93 µg/m³!
Fri Mar 14 18:39:28 2025: High CO Levels: 974.66 µg/m³!
Fri Mar 14 18:53:34 2025: High PM10 Levels: 64.93 µg/m³!
Fri Mar 14 18:53:34 2025: High CO Levels: 974.66 µg/m³!
Fri Mar 14 18:53:44 2025: High PM10 Levels: 64.93 µg/m³!
Fri Mar 14 18:53:44 2025: High CO Levels: 974.66 µg/m³!
Fri Mar 14 18:53:47 2025: High PM10 Levels: 64.93 µg/m³!
Fri Mar 14 18:53:47 2025: High CO Levels: 974.66 µg/m³!
Fri Mar 14 18:54:02 2025: High PM10 Levels: 64.93 µg/m³!
Fri Mar 14 18:54:02 2025: High CO Levels: 974.66 µg/m³!
Fri Mar 14 18:54:05 2025: High Temperature Alert: 36.48°C!
Fri Mar 14 18:54:05 2025: High CO Levels: 300.41 µg/m³!
Fri Mar 14 18:54:23 2025: High PM10 Levels: 64.93 µg/m³!
Fri Mar 14 18:54:23 2025: High CO Levels: 974.66 µg/m³!
Fri Mar 14 18:54:31 2025: High PM10 Levels: 64.93 µg/m³!
Fri Mar 14 18:54:31 2025: High CO Levels: 974.66 µg/m³!
Fri Mar 14 18:54:34 2025: High Humidity Alert: 80%!
Fri Mar 14 18:54:34 2025: High CO Levels: 300.41 µg/m³!
Fri Mar 14 19:19:33 2025: High PM10 Levels: 64.93 µg/m³!
Fri Mar 14 19:19:33 2025: High CO Levels: 974.66 µg/m³!
Fri Mar 14 19:55:23 2025: High PM10 Levels: 76.76 µg/m³!
Fri Mar 14 19:55:23 2025: High CO Levels: 1134.87 µg/m³!
Fri Mar 14 20:25:35 2025: High PM10 Levels: 76.76 µg/m³!
Fri Mar 14 20:25:35 2025: High CO Levels: 1134.87 µg/m³!
Fri Mar 14 20:25:44 2025: High PM10 Levels: 76.76 µg/m³!
Fri Mar 14 20:25:44 2025: High CO Levels: 1134.87 µg/m³!
Fri Mar 14 20:25:46 2025: High PM10 Levels: 76.76 µg/m³!
Fri Mar 14 20:25:46 2025: High CO Levels: 1134.87 µg/m³!
Fri Mar 14 20:26:31 2025: High PM10 Levels: 76.76 µg/m³!
Fri Mar 14 20:26:31 2025: High CO Levels: 1134.87 µg/m³!
Fri Mar 14 20:26:43 2025: High PM10 Levels: 76.76 µg/m³!
Fri Mar 14 20:26:43 2025: High CO Levels: 1134.87 µg/m³!
Fri Mar 14 20:26:45 2025: High Humidity Alert: 91%!
Fri Mar 14 20:26:45 2025: High PM10 Levels: 51.73 µg/m³!
Fri Mar 14 20:26:45 2025: High PM2_5 Levels: 38.05 µg/m³!
Fri Mar 14 20:26:45 2025: High CO Levels: 654.22 µg/m³!
Fri Mar 14 20:26:45 2025: High NO2 Levels: 72.66 µg/m³!
Fri Mar 14 20:26:45 2025: High SO2 Levels: 87.74 µg/m³!
